  Application.cpp
C:\Users\aryam\Documents\Kuliah UB\Semester 5\Grafika Komputer\Cube-Example\FinalProject\FinalProject\Application.cpp(163,83): warning C4244: 'argument': conversion from 'unsigned int' to 'float', possible loss of data
C:\Users\aryam\Documents\Kuliah UB\Semester 5\Grafika Komputer\Cube-Example\FinalProject\FinalProject\Application.cpp(163,64): warning C4244: 'argument': conversion from 'unsigned int' to 'float', possible loss of data
C:\Users\aryam\Documents\Kuliah UB\Semester 5\Grafika Komputer\Cube-Example\FinalProject\FinalProject\Application.cpp(166,30): warning C4305: 'argument': truncation from 'double' to 'float'
C:\Users\aryam\Documents\Kuliah UB\Semester 5\Grafika Komputer\Cube-Example\FinalProject\FinalProject\Application.cpp(170,32): warning C4305: 'argument': truncation from 'double' to 'float'
C:\Users\aryam\Documents\Kuliah UB\Semester 5\Grafika Komputer\Cube-Example\FinalProject\FinalProject\Application.cpp(174,37): warning C4305: 'argument': truncation from 'double' to 'float'
C:\Users\aryam\Documents\Kuliah UB\Semester 5\Grafika Komputer\Cube-Example\FinalProject\FinalProject\Application.cpp(174,31): warning C4305: 'argument': truncation from 'double' to 'float'
C:\Users\aryam\Documents\Kuliah UB\Semester 5\Grafika Komputer\Cube-Example\FinalProject\FinalProject\Application.cpp(178,36): warning C4305: 'argument': truncation from 'double' to 'float'
C:\Users\aryam\Documents\Kuliah UB\Semester 5\Grafika Komputer\Cube-Example\FinalProject\FinalProject\Application.cpp(178,31): warning C4305: 'argument': truncation from 'double' to 'float'
C:\Users\aryam\Documents\Kuliah UB\Semester 5\Grafika Komputer\Cube-Example\FinalProject\FinalProject\Application.cpp(182,35): warning C4305: 'argument': truncation from 'double' to 'float'
C:\Users\aryam\Documents\Kuliah UB\Semester 5\Grafika Komputer\Cube-Example\FinalProject\FinalProject\Application.cpp(186,36): warning C4305: 'argument': truncation from 'double' to 'float'
C:\Users\aryam\Documents\Kuliah UB\Semester 5\Grafika Komputer\Cube-Example\FinalProject\FinalProject\Application.cpp(190,42): warning C4305: 'argument': truncation from 'double' to 'float'
C:\Users\aryam\Documents\Kuliah UB\Semester 5\Grafika Komputer\Cube-Example\FinalProject\FinalProject\Application.cpp(190,37): warning C4305: 'argument': truncation from 'double' to 'float'
C:\Users\aryam\Documents\Kuliah UB\Semester 5\Grafika Komputer\Cube-Example\FinalProject\FinalProject\Application.cpp(194,36): warning C4305: 'argument': truncation from 'double' to 'float'
C:\Users\aryam\Documents\Kuliah UB\Semester 5\Grafika Komputer\Cube-Example\FinalProject\FinalProject\Application.cpp(198,37): warning C4305: 'argument': truncation from 'double' to 'float'
C:\Users\aryam\Documents\Kuliah UB\Semester 5\Grafika Komputer\Cube-Example\FinalProject\FinalProject\Application.cpp(202,43): warning C4305: 'argument': truncation from 'double' to 'float'
C:\Users\aryam\Documents\Kuliah UB\Semester 5\Grafika Komputer\Cube-Example\FinalProject\FinalProject\Application.cpp(202,38): warning C4305: 'argument': truncation from 'double' to 'float'
C:\Users\aryam\Documents\Kuliah UB\Semester 5\Grafika Komputer\Cube-Example\FinalProject\FinalProject\Application.cpp(206,36): warning C4305: 'argument': truncation from 'double' to 'float'
C:\Users\aryam\Documents\Kuliah UB\Semester 5\Grafika Komputer\Cube-Example\FinalProject\FinalProject\Application.cpp(210,30): warning C4305: 'argument': truncation from 'double' to 'float'
C:\Users\aryam\Documents\Kuliah UB\Semester 5\Grafika Komputer\Cube-Example\FinalProject\FinalProject\Application.cpp(223,24): warning C4244: 'argument': conversion from 'int' to 'float', possible loss of data
C:\Users\aryam\Documents\Kuliah UB\Semester 5\Grafika Komputer\Cube-Example\FinalProject\FinalProject\Application.cpp(228,24): warning C4244: 'argument': conversion from 'int' to 'float', possible loss of data
C:\Users\aryam\Documents\Kuliah UB\Semester 5\Grafika Komputer\Cube-Example\FinalProject\FinalProject\Application.cpp(233,24): warning C4244: 'argument': conversion from 'int' to 'float', possible loss of data
C:\Users\aryam\Documents\Kuliah UB\Semester 5\Grafika Komputer\Cube-Example\FinalProject\FinalProject\Application.cpp(238,24): warning C4244: 'argument': conversion from 'int' to 'float', possible loss of data
C:\Users\aryam\Documents\Kuliah UB\Semester 5\Grafika Komputer\Cube-Example\FinalProject\FinalProject\Application.cpp(243,24): warning C4244: 'argument': conversion from 'int' to 'float', possible loss of data
C:\Users\aryam\Documents\Kuliah UB\Semester 5\Grafika Komputer\Cube-Example\FinalProject\FinalProject\Application.cpp(249,27): warning C4244: 'argument': conversion from 'int' to 'float', possible loss of data
C:\Users\aryam\Documents\Kuliah UB\Semester 5\Grafika Komputer\Cube-Example\FinalProject\FinalProject\Application.cpp(254,26): warning C4244: 'argument': conversion from 'int' to 'float', possible loss of data
C:\Users\aryam\Documents\Kuliah UB\Semester 5\Grafika Komputer\Cube-Example\FinalProject\FinalProject\Application.cpp(260,27): warning C4244: 'argument': conversion from 'int' to 'float', possible loss of data
C:\Users\aryam\Documents\Kuliah UB\Semester 5\Grafika Komputer\Cube-Example\FinalProject\FinalProject\Application.cpp(265,26): warning C4244: 'argument': conversion from 'int' to 'float', possible loss of data
C:\Users\aryam\Documents\Kuliah UB\Semester 5\Grafika Komputer\Cube-Example\FinalProject\FinalProject\Application.cpp(281,35): warning C4305: 'argument': truncation from 'double' to 'float'
C:\Users\aryam\Documents\Kuliah UB\Semester 5\Grafika Komputer\Cube-Example\FinalProject\FinalProject\Application.cpp(286,32): warning C4305: 'argument': truncation from 'double' to 'float'
C:\Users\aryam\Documents\Kuliah UB\Semester 5\Grafika Komputer\Cube-Example\FinalProject\FinalProject\Application.cpp(296,29): warning C4305: 'argument': truncation from 'double' to 'float'
C:\Users\aryam\Documents\Kuliah UB\Semester 5\Grafika Komputer\Cube-Example\FinalProject\FinalProject\Application.cpp(303,29): warning C4244: 'argument': conversion from 'int' to 'float', possible loss of data
C:\Users\aryam\Documents\Kuliah UB\Semester 5\Grafika Komputer\Cube-Example\FinalProject\FinalProject\Application.cpp(307,29): warning C4244: 'argument': conversion from 'int' to 'float', possible loss of data
C:\Users\aryam\Documents\Kuliah UB\Semester 5\Grafika Komputer\Cube-Example\FinalProject\FinalProject\Application.cpp(311,29): warning C4244: 'argument': conversion from 'int' to 'float', possible loss of data
C:\Users\aryam\Documents\Kuliah UB\Semester 5\Grafika Komputer\Cube-Example\FinalProject\FinalProject\Application.cpp(315,29): warning C4244: 'argument': conversion from 'int' to 'float', possible loss of data
C:\Users\aryam\Documents\Kuliah UB\Semester 5\Grafika Komputer\Cube-Example\FinalProject\FinalProject\Application.cpp(319,29): warning C4244: 'argument': conversion from 'int' to 'float', possible loss of data
C:\Users\aryam\Documents\Kuliah UB\Semester 5\Grafika Komputer\Cube-Example\FinalProject\FinalProject\Application.cpp(324,29): warning C4244: 'argument': conversion from 'int' to 'float', possible loss of data
C:\Users\aryam\Documents\Kuliah UB\Semester 5\Grafika Komputer\Cube-Example\FinalProject\FinalProject\Application.cpp(328,29): warning C4244: 'argument': conversion from 'int' to 'float', possible loss of data
C:\Users\aryam\Documents\Kuliah UB\Semester 5\Grafika Komputer\Cube-Example\FinalProject\FinalProject\Application.cpp(332,29): warning C4244: 'argument': conversion from 'int' to 'float', possible loss of data
C:\Users\aryam\Documents\Kuliah UB\Semester 5\Grafika Komputer\Cube-Example\FinalProject\FinalProject\Application.cpp(336,29): warning C4244: 'argument': conversion from 'int' to 'float', possible loss of data
C:\Users\aryam\Documents\Kuliah UB\Semester 5\Grafika Komputer\Cube-Example\FinalProject\FinalProject\Application.cpp(340,29): warning C4244: 'argument': conversion from 'int' to 'float', possible loss of data
C:\Users\aryam\Documents\Kuliah UB\Semester 5\Grafika Komputer\Cube-Example\FinalProject\FinalProject\Application.cpp(345,29): warning C4244: 'argument': conversion from 'int' to 'float', possible loss of data
C:\Users\aryam\Documents\Kuliah UB\Semester 5\Grafika Komputer\Cube-Example\FinalProject\FinalProject\Application.cpp(349,29): warning C4244: 'argument': conversion from 'int' to 'float', possible loss of data
C:\Users\aryam\Documents\Kuliah UB\Semester 5\Grafika Komputer\Cube-Example\FinalProject\FinalProject\Application.cpp(353,29): warning C4244: 'argument': conversion from 'int' to 'float', possible loss of data
C:\Users\aryam\Documents\Kuliah UB\Semester 5\Grafika Komputer\Cube-Example\FinalProject\FinalProject\Application.cpp(357,29): warning C4244: 'argument': conversion from 'int' to 'float', possible loss of data
C:\Users\aryam\Documents\Kuliah UB\Semester 5\Grafika Komputer\Cube-Example\FinalProject\FinalProject\Application.cpp(361,29): warning C4244: 'argument': conversion from 'int' to 'float', possible loss of data
C:\Users\aryam\Documents\Kuliah UB\Semester 5\Grafika Komputer\Cube-Example\FinalProject\FinalProject\Application.cpp(366,29): warning C4244: 'argument': conversion from 'int' to 'float', possible loss of data
C:\Users\aryam\Documents\Kuliah UB\Semester 5\Grafika Komputer\Cube-Example\FinalProject\FinalProject\Application.cpp(371,28): warning C4244: 'argument': conversion from 'int' to 'float', possible loss of data
C:\Users\aryam\Documents\Kuliah UB\Semester 5\Grafika Komputer\Cube-Example\FinalProject\FinalProject\Application.cpp(377,29): warning C4244: 'argument': conversion from 'int' to 'float', possible loss of data
C:\Users\aryam\Documents\Kuliah UB\Semester 5\Grafika Komputer\Cube-Example\FinalProject\FinalProject\Application.cpp(382,28): warning C4244: 'argument': conversion from 'int' to 'float', possible loss of data
C:\Users\aryam\Documents\Kuliah UB\Semester 5\Grafika Komputer\Cube-Example\FinalProject\FinalProject\Application.cpp(388,29): warning C4244: 'argument': conversion from 'int' to 'float', possible loss of data
C:\Users\aryam\Documents\Kuliah UB\Semester 5\Grafika Komputer\Cube-Example\FinalProject\FinalProject\Application.cpp(392,29): warning C4244: 'argument': conversion from 'int' to 'float', possible loss of data
C:\Users\aryam\Documents\Kuliah UB\Semester 5\Grafika Komputer\Cube-Example\FinalProject\FinalProject\Application.cpp(396,29): warning C4244: 'argument': conversion from 'int' to 'float', possible loss of data
C:\Users\aryam\Documents\Kuliah UB\Semester 5\Grafika Komputer\Cube-Example\FinalProject\FinalProject\Application.cpp(400,29): warning C4244: 'argument': conversion from 'int' to 'float', possible loss of data
C:\Users\aryam\Documents\Kuliah UB\Semester 5\Grafika Komputer\Cube-Example\FinalProject\FinalProject\Application.cpp(404,29): warning C4244: 'argument': conversion from 'int' to 'float', possible loss of data
C:\Users\aryam\Documents\Kuliah UB\Semester 5\Grafika Komputer\Cube-Example\FinalProject\FinalProject\Application.cpp(409,28): warning C4244: 'argument': conversion from 'int' to 'float', possible loss of data
C:\Users\aryam\Documents\Kuliah UB\Semester 5\Grafika Komputer\Cube-Example\FinalProject\FinalProject\Application.cpp(413,28): warning C4244: 'argument': conversion from 'int' to 'float', possible loss of data
C:\Users\aryam\Documents\Kuliah UB\Semester 5\Grafika Komputer\Cube-Example\FinalProject\FinalProject\Application.cpp(417,28): warning C4244: 'argument': conversion from 'int' to 'float', possible loss of data
C:\Users\aryam\Documents\Kuliah UB\Semester 5\Grafika Komputer\Cube-Example\FinalProject\FinalProject\Application.cpp(421,28): warning C4244: 'argument': conversion from 'int' to 'float', possible loss of data
C:\Users\aryam\Documents\Kuliah UB\Semester 5\Grafika Komputer\Cube-Example\FinalProject\FinalProject\Application.cpp(425,28): warning C4244: 'argument': conversion from 'int' to 'float', possible loss of data
SOIL.lib(SOIL.obj) : warning LNK4075: ignoring '/EDITANDCONTINUE' due to '/OPT:ICF' specification
LINK : warning LNK4098: defaultlib 'MSVCRTD' conflicts with use of other libs; use /NODEFAULTLIB:library
  Generating code
  1 of 355 functions ( 0.3%) were compiled, the rest were copied from previous compilation.
    0 functions were new in current compilation
    1 functions had inline decision re-evaluated but remain unchanged
  Finished generating code
SOIL.lib(image_DXT.obj) : warning LNK4099: PDB '' was not found with 'SOIL.lib(image_DXT.obj)' or at ''; linking object as if no debug info
SOIL.lib(image_helper.obj) : warning LNK4099: PDB '' was not found with 'SOIL.lib(image_helper.obj)' or at ''; linking object as if no debug info
SOIL.lib(SOIL.obj) : warning LNK4099: PDB '' was not found with 'SOIL.lib(SOIL.obj)' or at ''; linking object as if no debug info
SOIL.lib(stb_image_aug.obj) : warning LNK4099: PDB '' was not found with 'SOIL.lib(stb_image_aug.obj)' or at ''; linking object as if no debug info
  FinalProject.vcxproj -> C:\Users\aryam\Documents\Kuliah UB\Semester 5\Grafika Komputer\Cube-Example\FinalProject\Release\FinalProject.exe
